2024-02-13 22:24:42,440 - __main__ - INFO - Starting the application
2024-02-13 22:24:52,513 - __main__ - INFO - Starting the application
2024-02-13 22:25:15,549 - __main__ - INFO - Starting the application
2024-02-13 22:28:44,383 - __main__ - INFO - Starting the application
2024-02-13 22:29:28,925 - __main__ - INFO - Starting the application
2024-02-14 00:00:30,612 - debugging.debug_logging - INFO - Starting the application
2024-02-14 00:01:24,316 - debugging.debug_logging - INFO - Starting the application
2024-02-14 00:01:57,631 - debugging.debug_logging - INFO - Starting the application
2024-02-14 00:12:08,922 - debugging.debug_logging - INFO - Starting the application
2024-02-14 01:10:56,072 - debugging.debug_logging - INFO - Starting the application
2024-02-14 01:11:00,177 - debugging.debug_logging - INFO - Authenticating user
2024-02-14 01:13:19,082 - debugging.debug_logging - INFO - Starting the application
2024-02-14 01:13:24,915 - debugging.debug_logging - INFO - Authenticating user
2024-02-14 01:15:30,438 - debugging.debug_logging - INFO - Starting the application
2024-02-14 01:15:34,137 - debugging.debug_logging - INFO - Authenticating user
2024-02-14 01:16:07,153 - debugging.debug_logging - INFO - Starting the application
2024-02-14 01:16:11,018 - debugging.debug_logging - INFO - Authenticating user
2024-02-14 01:17:08,376 - debugging.debug_logging - INFO - Starting the application
2024-02-14 01:17:12,593 - debugging.debug_logging - INFO - Authenticating user
2024-02-14 01:18:01,519 - debugging.debug_logging - INFO - Starting the application
2024-02-14 01:18:05,191 - debugging.debug_logging - INFO - Authenticating user
2024-02-14 01:23:01,346 - debugging.debug_logging - INFO - Starting the application
2024-02-14 01:23:05,016 - debugging.debug_logging - INFO - Authenticating user
2024-02-14 01:23:05,051 - debugging.debug_logging - INFO - [(1, 'นาย', 'บรรเทิง', 'ยานะ', 'mr.buntueng@gmail.com', '')]
2024-02-14 01:33:18,233 - debugging.debug_logging - INFO - Starting the application
2024-02-14 01:33:23,481 - debugging.debug_logging - INFO - Authenticating user
2024-02-14 01:35:58,182 - debugging.debug_logging - INFO - Starting the application
2024-02-14 01:36:01,828 - debugging.debug_logging - INFO - Authenticating user
2024-02-14 01:36:06,816 - debugging.debug_logging - INFO - Authenticating user
2024-02-14 01:36:06,856 - debugging.debug_logging - INFO - [(1, 'นาย', 'บรรเทิง', 'ยานะ', 'mr.buntueng@gmail.com', '')]
2024-02-14 09:54:26,053 - debugging.debug_logging - INFO - Starting the application
2024-02-14 09:54:30,931 - debugging.debug_logging - INFO - Authenticating user
2024-02-14 09:54:31,130 - debugging.debug_logging - INFO - [(1, 'นาย', 'บรรเทิง', 'ยานะ', 'mr.buntueng@gmail.com', '')]
2024-02-16 12:09:34,695 - debugging.debug_logging - INFO - Starting the application
2024-02-16 12:10:08,439 - debugging.debug_logging - INFO - Starting the application
2024-02-16 12:10:13,824 - debugging.debug_logging - INFO - Authenticating user
2024-02-16 12:10:14,090 - debugging.debug_logging - INFO - [(1, 'นาย', 'บรรเทิง', 'ยานะ', 'mr.buntueng@gmail.com', '')]
2024-02-16 12:14:11,339 - debugging.debug_logging - INFO - Starting the application
2024-02-26 23:11:20,190 - debugging.debug_logging - INFO - Starting the application
2024-02-26 23:11:25,683 - debugging.debug_logging - INFO - Authenticating user
2024-02-26 23:14:35,581 - debugging.debug_logging - INFO - Starting the application
2024-02-26 23:14:38,174 - debugging.debug_logging - INFO - Authenticating user
2024-02-26 23:15:57,354 - debugging.debug_logging - INFO - Starting the application
2024-02-26 23:15:59,886 - debugging.debug_logging - INFO - Authenticating user
2024-02-26 23:23:58,387 - debugging.debug_logging - INFO - Starting the application
2024-02-26 23:24:08,153 - debugging.debug_logging - INFO - Starting the application
2024-02-26 23:24:26,755 - debugging.debug_logging - INFO - Starting the application
2024-02-26 23:24:39,105 - debugging.debug_logging - INFO - Starting the application
2024-02-26 23:25:00,188 - debugging.debug_logging - ERROR - Error connecting to the database: Can't connect to server on '202.28.24.55' (10060)
2024-02-26 23:25:03,360 - debugging.debug_logging - INFO - Authenticating user
2024-02-26 23:25:05,970 - debugging.debug_logging - INFO - Authenticating user
2024-02-26 23:25:17,145 - debugging.debug_logging - INFO - Starting the application
2024-02-26 23:25:38,202 - debugging.debug_logging - ERROR - Error connecting to the database: Can't connect to server on '202.28.24.55' (10060)
2024-02-26 23:31:31,502 - debugging.debug_logging - INFO - Starting the application
2024-02-26 23:31:34,628 - debugging.debug_logging - INFO - Authenticating user
2024-02-27 23:24:16,246 - debugging.debug_logging - INFO - Starting the application
2024-02-27 23:24:26,861 - debugging.debug_logging - INFO - Authenticating user
2024-02-27 23:25:03,139 - debugging.debug_logging - INFO - Starting the application
2024-02-27 23:25:06,357 - debugging.debug_logging - INFO - Authenticating user
2024-02-27 23:48:26,885 - debugging.debug_logging - INFO - Starting the application
2024-02-27 23:48:30,337 - debugging.debug_logging - INFO - Authenticating user
2024-02-27 23:48:33,071 - debugging.debug_logging - INFO - Authenticating user
